<?xml version="1.0" encoding="UTF-8"?>
<!-- Generated by org.testng.reporters.JUnitReportReporter -->
<testsuite name="com.test.crowdTest" tests="1" time="15.299" ignored="0" failures="0" timestamp="11 Feb 2017 22:43:06 GMT" skipped="0" hostname="Kyles-MacBook-Pro.local" errors="0">
  <testcase name="theTest" time="15.299" classname="com.test.crowdTest"/>
</testsuite> <!-- com.test.crowdTest -->
